<?xml version="1.0" encoding="UTF-8"?>
<testsuite name="fs.four.eatery.EateryPrjtApplicationTests" tests="1" skipped="0" failures="0" errors="0" timestamp="2024-12-22T13:05:46" hostname="L" time="0.642">
  <properties/>
  <testcase name="contextLoads()" classname="fs.four.eatery.EateryPrjtApplicationTests" time="0.642"/>
  <system-out><![CDATA[22:05:42.014 [Test worker] INFO org.springframework.test.context.support.AnnotationConfigContextLoaderUtils -- Could not detect default configuration classes for test class [fs.four.eatery.EateryPrjtApplicationTests]: EateryPrjtApplicationTests does not declare any static, non-private, non-final, nested classes annotated with @Configuration.
22:05:42.139 [Test worker] INFO org.springframework.boot.test.context.SpringBootTestContextBootstrapper -- Found @SpringBootConfiguration fs.four.eatery.EateryPrjtApplication for test class fs.four.eatery.EateryPrjtApplicationTests

  .   ____          _            __ _ _
 /\\ / ___'_ __ _ _(_)_ __  __ _ \ \ \ \
( ( )\___ | '_ | '_| | '_ \/ _` | \ \ \ \
 \\/  ___)| |_)| | | | | || (_| |  ) ) ) )
  '  |____| .__|_| |_|_| |_\__, | / / / /
 =========|_|==============|___/=/_/_/_/

 :: Spring Boot ::                (v3.3.7)

2024-12-22T22:05:42.593+09:00  INFO 26492 --- [eatery_prjt] [    Test worker] f.f.eatery.EateryPrjtApplicationTests    : Starting EateryPrjtApplicationTests using Java 17 with PID 26492 (started by L in C:\Users\L\Desktop\eatery_prjt)
2024-12-22T22:05:42.595+09:00  INFO 26492 --- [eatery_prjt] [    Test worker] f.f.eatery.EateryPrjtApplicationTests    : No active profile set, falling back to 1 default profile: "default"
2024-12-22T22:05:43.343+09:00  INFO 26492 --- [eatery_prjt] [    Test worker] .s.d.r.c.RepositoryConfigurationDelegate : Bootstrapping Spring Data JPA repositories in DEFAULT mode.
2024-12-22T22:05:43.361+09:00  INFO 26492 --- [eatery_prjt] [    Test worker] .s.d.r.c.RepositoryConfigurationDelegate : Finished Spring Data repository scanning in 8 ms. Found 0 JPA repository interfaces.
2024-12-22T22:05:43.469+09:00  WARN 26492 --- [eatery_prjt] [    Test worker] o.m.s.mapper.ClassPathMapperScanner      : No MyBatis mapper was found in '[fs.four.eatery]' package. Please check your configuration.
2024-12-22T22:05:43.940+09:00  INFO 26492 --- [eatery_prjt] [    Test worker] com.zaxxer.hikari.HikariDataSource       : HikariPool-1 - Starting...
2024-12-22T22:05:43.946+09:00  WARN 26492 --- [eatery_prjt] [    Test worker] c.zaxxer.hikari.util.DriverDataSource    : Registered driver with driverClassName=oracle.jdbc.driver.OracleDriver was not found, trying direct instantiation.
2024-12-22T22:05:44.292+09:00  INFO 26492 --- [eatery_prjt] [    Test worker] com.zaxxer.hikari.pool.HikariPool        : HikariPool-1 - Added connection oracle.jdbc.driver.T4CConnection@546ed2a0
2024-12-22T22:05:44.295+09:00  INFO 26492 --- [eatery_prjt] [    Test worker] com.zaxxer.hikari.HikariDataSource       : HikariPool-1 - Start completed.
2024-12-22T22:05:44.341+09:00  INFO 26492 --- [eatery_prjt] [    Test worker] o.hibernate.jpa.internal.util.LogHelper  : HHH000204: Processing PersistenceUnitInfo [name: default]
2024-12-22T22:05:44.434+09:00  INFO 26492 --- [eatery_prjt] [    Test worker] org.hibernate.Version                    : HHH000412: Hibernate ORM core version 6.5.3.Final
2024-12-22T22:05:44.486+09:00  INFO 26492 --- [eatery_prjt] [    Test worker] o.h.c.internal.RegionFactoryInitiator    : HHH000026: Second-level cache disabled
2024-12-22T22:05:44.942+09:00  INFO 26492 --- [eatery_prjt] [    Test worker] o.s.o.j.p.SpringPersistenceUnitInfo      : No LoadTimeWeaver setup: ignoring JPA class transformer
2024-12-22T22:05:45.145+09:00  WARN 26492 --- [eatery_prjt] [    Test worker] org.hibernate.dialect.Dialect            : HHH000511: The 18.0.0 version for [org.hibernate.dialect.OracleDialect] is no longer supported, hence certain features may not work properly. The minimum supported version is 19.0.0. Check the community dialects project for available legacy versions.
2024-12-22T22:05:45.616+09:00  INFO 26492 --- [eatery_prjt] [    Test worker] o.h.e.t.j.p.i.JtaPlatformInitiator       : HHH000489: No JTA platform available (set 'hibernate.transaction.jta.platform' to enable JTA platform integration)
2024-12-22T22:05:45.623+09:00  INFO 26492 --- [eatery_prjt] [    Test worker] j.LocalContainerEntityManagerFactoryBean : Initialized JPA EntityManagerFactory for persistence unit 'default'
2024-12-22T22:05:45.795+09:00  WARN 26492 --- [eatery_prjt] [    Test worker] JpaBaseConfiguration$JpaWebConfiguration : spring.jpa.open-in-view is enabled by default. Therefore, database queries may be performed during view rendering. Explicitly configure spring.jpa.open-in-view to disable this warning
2024-12-22T22:05:45.827+09:00  INFO 26492 --- [eatery_prjt] [    Test worker] o.s.b.a.w.s.WelcomePageHandlerMapping    : Adding welcome page: class path resource [static/index.html]
2024-12-22T22:05:46.402+09:00  INFO 26492 --- [eatery_prjt] [    Test worker] f.f.eatery.EateryPrjtApplicationTests    : Started EateryPrjtApplicationTests in 4.075 seconds (process running for 5.443)
]]></system-out>
  <system-err><![CDATA[]]></system-err>
</testsuite>
